2024-05-11 21:08:59,013 - __main__ - INFO - Training   >>> Epoch: 1, Current LR: 0.01, Loss: 0.197, Time: 3m11s
2024-05-11 21:12:01,906 - __main__ - INFO - Training   >>> Epoch: 2, Current LR: 0.01, Loss: 0.180, Time: 3m2s
2024-05-11 21:12:21,330 - __main__ - INFO - Validation >>> Epoch: 2, Loss: 0.188, current lr: 0.01, F1 Score: 0.089, Time: 0m19s
2024-05-11 21:15:24,661 - __main__ - INFO - Training   >>> Epoch: 3, Current LR: 0.01, Loss: 0.175, Time: 3m3s
2024-05-11 21:18:28,837 - __main__ - INFO - Training   >>> Epoch: 4, Current LR: 0.01, Loss: 0.171, Time: 3m4s
2024-05-11 21:18:48,235 - __main__ - INFO - Validation >>> Epoch: 4, Loss: 0.170, current lr: 0.01, F1 Score: 0.162, Time: 0m19s
2024-05-11 21:21:54,840 - __main__ - INFO - Training   >>> Epoch: 5, Current LR: 0.01, Loss: 0.168, Time: 3m6s
2024-05-11 21:25:02,120 - __main__ - INFO - Training   >>> Epoch: 6, Current LR: 0.01, Loss: 0.165, Time: 3m7s
2024-05-11 21:25:21,876 - __main__ - INFO - Validation >>> Epoch: 6, Loss: 0.178, current lr: 0.01, F1 Score: 0.175, Time: 0m19s
2024-05-11 21:28:28,822 - __main__ - INFO - Training   >>> Epoch: 7, Current LR: 0.01, Loss: 0.163, Time: 3m6s
2024-05-11 21:31:37,070 - __main__ - INFO - Training   >>> Epoch: 8, Current LR: 0.01, Loss: 0.160, Time: 3m8s
2024-05-11 21:31:56,641 - __main__ - INFO - Validation >>> Epoch: 8, Loss: 0.161, current lr: 0.01, F1 Score: 0.245, Time: 0m19s
2024-05-11 21:35:00,661 - __main__ - INFO - Training   >>> Epoch: 9, Current LR: 0.01, Loss: 0.158, Time: 3m4s
2024-05-11 21:38:04,727 - __main__ - INFO - Training   >>> Epoch: 10, Current LR: 0.01, Loss: 0.156, Time: 3m4s
2024-05-11 21:38:24,009 - __main__ - INFO - Validation >>> Epoch: 10, Loss: 0.159, current lr: 0.01, F1 Score: 0.238, Time: 0m19s
2024-05-11 21:41:26,825 - __main__ - INFO - Training   >>> Epoch: 11, Current LR: 0.01, Loss: 0.154, Time: 3m2s
2024-05-11 21:44:28,212 - __main__ - INFO - Training   >>> Epoch: 12, Current LR: 0.01, Loss: 0.152, Time: 3m1s
2024-05-11 21:44:47,401 - __main__ - INFO - Validation >>> Epoch: 12, Loss: 0.153, current lr: 0.01, F1 Score: 0.266, Time: 0m19s
2024-05-11 21:47:48,893 - __main__ - INFO - Training   >>> Epoch: 13, Current LR: 0.01, Loss: 0.150, Time: 3m1s
2024-05-11 21:50:50,160 - __main__ - INFO - Training   >>> Epoch: 14, Current LR: 0.01, Loss: 0.148, Time: 3m1s
2024-05-11 21:51:09,062 - __main__ - INFO - Validation >>> Epoch: 14, Loss: 0.155, current lr: 0.01, F1 Score: 0.268, Time: 0m18s
2024-05-11 21:54:10,251 - __main__ - INFO - Training   >>> Epoch: 15, Current LR: 0.01, Loss: 0.148, Time: 3m1s
2024-05-11 21:57:11,734 - __main__ - INFO - Training   >>> Epoch: 16, Current LR: 0.01, Loss: 0.146, Time: 3m1s
2024-05-11 21:57:30,511 - __main__ - INFO - Validation >>> Epoch: 16, Loss: 0.148, current lr: 0.01, F1 Score: 0.288, Time: 0m18s
2024-05-11 22:00:32,454 - __main__ - INFO - Training   >>> Epoch: 17, Current LR: 0.01, Loss: 0.144, Time: 3m1s
2024-05-11 22:03:33,218 - __main__ - INFO - Training   >>> Epoch: 18, Current LR: 0.01, Loss: 0.143, Time: 3m0s
2024-05-11 22:03:51,948 - __main__ - INFO - Validation >>> Epoch: 18, Loss: 0.149, current lr: 0.01, F1 Score: 0.292, Time: 0m18s
2024-05-11 22:06:52,587 - __main__ - INFO - Training   >>> Epoch: 19, Current LR: 0.01, Loss: 0.142, Time: 3m0s
2024-05-11 22:09:53,931 - __main__ - INFO - Training   >>> Epoch: 20, Current LR: 0.01, Loss: 0.140, Time: 3m1s
2024-05-11 22:10:12,747 - __main__ - INFO - Validation >>> Epoch: 20, Loss: 0.142, current lr: 0.01, F1 Score: 0.341, Time: 0m18s
2024-05-11 22:13:13,111 - __main__ - INFO - Training   >>> Epoch: 21, Current LR: 0.01, Loss: 0.138, Time: 3m0s
2024-05-11 22:16:13,881 - __main__ - INFO - Training   >>> Epoch: 22, Current LR: 0.01, Loss: 0.138, Time: 3m0s
2024-05-11 22:16:32,774 - __main__ - INFO - Validation >>> Epoch: 22, Loss: 0.136, current lr: 0.01, F1 Score: 0.391, Time: 0m18s
2024-05-11 22:19:33,752 - __main__ - INFO - Training   >>> Epoch: 23, Current LR: 0.01, Loss: 0.135, Time: 3m0s
2024-05-11 22:22:34,666 - __main__ - INFO - Training   >>> Epoch: 24, Current LR: 0.01, Loss: 0.135, Time: 3m0s
2024-05-11 22:22:53,522 - __main__ - INFO - Validation >>> Epoch: 24, Loss: 0.143, current lr: 0.01, F1 Score: 0.392, Time: 0m18s
2024-05-11 22:25:54,254 - __main__ - INFO - Training   >>> Epoch: 25, Current LR: 0.01, Loss: 0.134, Time: 3m0s
2024-05-11 22:28:54,692 - __main__ - INFO - Training   >>> Epoch: 26, Current LR: 0.01, Loss: 0.133, Time: 3m0s
2024-05-11 22:29:13,781 - __main__ - INFO - Validation >>> Epoch: 26, Loss: 0.137, current lr: 0.01, F1 Score: 0.386, Time: 0m19s
2024-05-11 22:32:14,768 - __main__ - INFO - Training   >>> Epoch: 27, Current LR: 0.01, Loss: 0.131, Time: 3m0s
2024-05-11 22:35:15,962 - __main__ - INFO - Training   >>> Epoch: 28, Current LR: 0.01, Loss: 0.130, Time: 3m1s
2024-05-11 22:35:34,875 - __main__ - INFO - Validation >>> Epoch: 28, Loss: 0.137, current lr: 0.01, F1 Score: 0.390, Time: 0m18s
2024-05-11 22:38:36,515 - __main__ - INFO - Training   >>> Epoch: 29, Current LR: 0.001, Loss: 0.122, Time: 3m1s
2024-05-11 22:41:38,402 - __main__ - INFO - Training   >>> Epoch: 30, Current LR: 0.001, Loss: 0.118, Time: 3m1s
2024-05-11 22:41:57,650 - __main__ - INFO - Validation >>> Epoch: 30, Loss: 0.126, current lr: 0.001, F1 Score: 0.467, Time: 0m19s
2024-05-11 22:45:00,528 - __main__ - INFO - Training   >>> Epoch: 31, Current LR: 0.001, Loss: 0.116, Time: 3m2s
2024-05-11 22:48:02,434 - __main__ - INFO - Training   >>> Epoch: 32, Current LR: 0.001, Loss: 0.114, Time: 3m1s
2024-05-11 22:48:21,388 - __main__ - INFO - Validation >>> Epoch: 32, Loss: 0.126, current lr: 0.001, F1 Score: 0.486, Time: 0m18s
2024-05-11 22:51:20,637 - __main__ - INFO - Training   >>> Epoch: 33, Current LR: 0.001, Loss: 0.114, Time: 2m59s
2024-05-11 22:54:18,247 - __main__ - INFO - Training   >>> Epoch: 34, Current LR: 0.001, Loss: 0.113, Time: 2m57s
2024-05-11 22:54:37,273 - __main__ - INFO - Validation >>> Epoch: 34, Loss: 0.126, current lr: 0.001, F1 Score: 0.485, Time: 0m19s
2024-05-11 22:57:35,151 - __main__ - INFO - Training   >>> Epoch: 35, Current LR: 0.001, Loss: 0.112, Time: 2m57s
2024-05-11 23:00:33,081 - __main__ - INFO - Training   >>> Epoch: 36, Current LR: 0.001, Loss: 0.110, Time: 2m57s
2024-05-11 23:00:52,033 - __main__ - INFO - Validation >>> Epoch: 36, Loss: 0.126, current lr: 0.001, F1 Score: 0.490, Time: 0m18s
2024-05-11 23:03:50,286 - __main__ - INFO - Training   >>> Epoch: 37, Current LR: 0.001, Loss: 0.110, Time: 2m58s
2024-05-11 23:06:48,194 - __main__ - INFO - Training   >>> Epoch: 38, Current LR: 0.001, Loss: 0.109, Time: 2m57s
2024-05-11 23:07:07,408 - __main__ - INFO - Validation >>> Epoch: 38, Loss: 0.126, current lr: 0.001, F1 Score: 0.496, Time: 0m19s
2024-05-11 23:10:05,591 - __main__ - INFO - Training   >>> Epoch: 39, Current LR: 0.001, Loss: 0.108, Time: 2m58s
2024-05-11 23:13:03,106 - __main__ - INFO - Training   >>> Epoch: 40, Current LR: 0.001, Loss: 0.108, Time: 2m57s
2024-05-11 23:13:21,967 - __main__ - INFO - Validation >>> Epoch: 40, Loss: 0.126, current lr: 0.001, F1 Score: 0.501, Time: 0m18s
2024-05-11 23:16:19,711 - __main__ - INFO - Training   >>> Epoch: 41, Current LR: 0.001, Loss: 0.107, Time: 2m57s
2024-05-11 23:19:17,701 - __main__ - INFO - Training   >>> Epoch: 42, Current LR: 0.001, Loss: 0.105, Time: 2m57s
2024-05-11 23:19:36,665 - __main__ - INFO - Validation >>> Epoch: 42, Loss: 0.127, current lr: 0.001, F1 Score: 0.500, Time: 0m18s
2024-05-11 23:22:34,183 - __main__ - INFO - Training   >>> Epoch: 43, Current LR: 0.0001, Loss: 0.103, Time: 2m57s
2024-05-11 23:25:31,906 - __main__ - INFO - Training   >>> Epoch: 44, Current LR: 0.0001, Loss: 0.103, Time: 2m57s
2024-05-11 23:25:50,926 - __main__ - INFO - Validation >>> Epoch: 44, Loss: 0.127, current lr: 0.0001, F1 Score: 0.505, Time: 0m19s
2024-05-11 23:28:48,810 - __main__ - INFO - Training   >>> Epoch: 45, Current LR: 0.0001, Loss: 0.102, Time: 2m57s
2024-05-11 23:31:47,023 - __main__ - INFO - Training   >>> Epoch: 46, Current LR: 0.0001, Loss: 0.103, Time: 2m58s
2024-05-11 23:32:06,103 - __main__ - INFO - Validation >>> Epoch: 46, Loss: 0.127, current lr: 0.0001, F1 Score: 0.506, Time: 0m19s
2024-05-11 23:35:04,527 - __main__ - INFO - Training   >>> Epoch: 47, Current LR: 0.0001, Loss: 0.102, Time: 2m58s
2024-05-11 23:38:02,120 - __main__ - INFO - Training   >>> Epoch: 48, Current LR: 0.0001, Loss: 0.102, Time: 2m57s
2024-05-11 23:38:21,087 - __main__ - INFO - Validation >>> Epoch: 48, Loss: 0.127, current lr: 0.0001, F1 Score: 0.508, Time: 0m18s
2024-05-11 23:41:18,760 - __main__ - INFO - Training   >>> Epoch: 49, Current LR: 1e-05, Loss: 0.102, Time: 2m57s
2024-05-11 23:44:15,579 - __main__ - INFO - Training   >>> Epoch: 50, Current LR: 1e-05, Loss: 0.102, Time: 2m56s
2024-05-11 23:44:34,443 - __main__ - INFO - Validation >>> Epoch: 50, Loss: 0.127, current lr: 1e-05, F1 Score: 0.508, Time: 0m18s
2024-05-11 23:47:32,458 - __main__ - INFO - Training   >>> Epoch: 51, Current LR: 1e-05, Loss: 0.102, Time: 2m58s
2024-05-11 23:50:29,912 - __main__ - INFO - Training   >>> Epoch: 52, Current LR: 1e-05, Loss: 0.102, Time: 2m57s
2024-05-11 23:50:48,875 - __main__ - INFO - Validation >>> Epoch: 52, Loss: 0.127, current lr: 1e-05, F1 Score: 0.506, Time: 0m18s
2024-05-11 23:50:48,875 - __main__ - INFO - Early stopping >>> triggered at epoch 52
2024-05-11 23:50:48,875 - __main__ - INFO - Training concluded >>> Total Run Time: 165m0s
2024-05-11 23:50:48,976 - __main__ - INFO - Model size on disk: 20.76 MB
