2024-05-02 13:19:54,183 - __main__ - INFO - Training   >>> Epoch: 1, Current LR: 0.01, Loss: 0.205, Time: 8m59s
2024-05-02 13:28:47,217 - __main__ - INFO - Training   >>> Epoch: 2, Current LR: 0.01, Loss: 0.193, Time: 8m53s
2024-05-02 13:29:19,052 - __main__ - INFO - Validation >>> Epoch: 2, Loss: 0.192, current lr: 0.01, F1 Score: 0.048, Time: 0m31s
2024-05-02 13:38:11,938 - __main__ - INFO - Training   >>> Epoch: 3, Current LR: 0.01, Loss: 0.191, Time: 8m52s
2024-05-02 13:47:09,698 - __main__ - INFO - Training   >>> Epoch: 4, Current LR: 0.01, Loss: 0.188, Time: 8m57s
2024-05-02 13:47:41,616 - __main__ - INFO - Validation >>> Epoch: 4, Loss: 0.188, current lr: 0.01, F1 Score: 0.053, Time: 0m31s
2024-05-02 13:56:38,980 - __main__ - INFO - Training   >>> Epoch: 5, Current LR: 0.01, Loss: 0.186, Time: 8m57s
2024-05-02 14:05:34,693 - __main__ - INFO - Training   >>> Epoch: 6, Current LR: 0.01, Loss: 0.185, Time: 8m55s
2024-05-02 14:06:06,420 - __main__ - INFO - Validation >>> Epoch: 6, Loss: 0.198, current lr: 0.01, F1 Score: 0.093, Time: 0m31s
2024-05-02 14:15:01,630 - __main__ - INFO - Training   >>> Epoch: 7, Current LR: 0.01, Loss: 0.183, Time: 8m55s
2024-05-02 14:23:54,861 - __main__ - INFO - Training   >>> Epoch: 8, Current LR: 0.01, Loss: 0.182, Time: 8m53s
2024-05-02 14:24:26,816 - __main__ - INFO - Validation >>> Epoch: 8, Loss: 0.188, current lr: 0.01, F1 Score: 0.112, Time: 0m31s
2024-05-02 14:33:19,195 - __main__ - INFO - Training   >>> Epoch: 9, Current LR: 0.01, Loss: 0.180, Time: 8m52s
2024-05-02 14:42:10,038 - __main__ - INFO - Training   >>> Epoch: 10, Current LR: 0.01, Loss: 0.179, Time: 8m50s
2024-05-02 14:42:41,362 - __main__ - INFO - Validation >>> Epoch: 10, Loss: 0.174, current lr: 0.01, F1 Score: 0.121, Time: 0m31s
2024-05-02 14:51:36,051 - __main__ - INFO - Training   >>> Epoch: 11, Current LR: 0.01, Loss: 0.177, Time: 8m54s
2024-05-02 15:00:33,587 - __main__ - INFO - Training   >>> Epoch: 12, Current LR: 0.01, Loss: 0.175, Time: 8m57s
2024-05-02 15:01:05,412 - __main__ - INFO - Validation >>> Epoch: 12, Loss: 0.206, current lr: 0.01, F1 Score: 0.134, Time: 0m31s
2024-05-02 15:10:01,331 - __main__ - INFO - Training   >>> Epoch: 13, Current LR: 0.01, Loss: 0.173, Time: 8m55s
2024-05-02 15:18:52,166 - __main__ - INFO - Training   >>> Epoch: 14, Current LR: 0.01, Loss: 0.172, Time: 8m50s
2024-05-02 15:19:23,941 - __main__ - INFO - Validation >>> Epoch: 14, Loss: 0.172, current lr: 0.01, F1 Score: 0.176, Time: 0m31s
2024-05-02 15:28:20,228 - __main__ - INFO - Training   >>> Epoch: 15, Current LR: 0.01, Loss: 0.170, Time: 8m56s
2024-05-02 15:37:13,273 - __main__ - INFO - Training   >>> Epoch: 16, Current LR: 0.01, Loss: 0.170, Time: 8m53s
2024-05-02 15:37:45,154 - __main__ - INFO - Validation >>> Epoch: 16, Loss: 0.175, current lr: 0.01, F1 Score: 0.211, Time: 0m31s
2024-05-02 15:46:40,570 - __main__ - INFO - Training   >>> Epoch: 17, Current LR: 0.01, Loss: 0.167, Time: 8m55s
2024-05-02 15:55:35,610 - __main__ - INFO - Training   >>> Epoch: 18, Current LR: 0.01, Loss: 0.167, Time: 8m55s
2024-05-02 15:56:07,055 - __main__ - INFO - Validation >>> Epoch: 18, Loss: 0.162, current lr: 0.01, F1 Score: 0.206, Time: 0m31s
2024-05-02 16:05:00,257 - __main__ - INFO - Training   >>> Epoch: 19, Current LR: 0.01, Loss: 0.165, Time: 8m53s
2024-05-02 16:13:51,535 - __main__ - INFO - Training   >>> Epoch: 20, Current LR: 0.01, Loss: 0.164, Time: 8m51s
2024-05-02 16:14:23,168 - __main__ - INFO - Validation >>> Epoch: 20, Loss: 0.161, current lr: 0.01, F1 Score: 0.208, Time: 0m31s
2024-05-02 16:23:11,448 - __main__ - INFO - Training   >>> Epoch: 21, Current LR: 0.01, Loss: 0.163, Time: 8m48s
2024-05-02 16:33:06,999 - __main__ - INFO - Training   >>> Epoch: 22, Current LR: 0.01, Loss: 0.161, Time: 9m55s
2024-05-02 16:33:38,848 - __main__ - INFO - Validation >>> Epoch: 22, Loss: 0.159, current lr: 0.01, F1 Score: 0.242, Time: 0m31s
2024-05-02 16:42:55,240 - __main__ - INFO - Training   >>> Epoch: 23, Current LR: 0.01, Loss: 0.161, Time: 9m16s
2024-05-02 16:52:04,145 - __main__ - INFO - Training   >>> Epoch: 24, Current LR: 0.01, Loss: 0.159, Time: 9m8s
2024-05-02 16:52:36,093 - __main__ - INFO - Validation >>> Epoch: 24, Loss: 0.156, current lr: 0.01, F1 Score: 0.253, Time: 0m31s
2024-05-02 17:01:50,065 - __main__ - INFO - Training   >>> Epoch: 25, Current LR: 0.01, Loss: 0.159, Time: 9m13s
2024-05-02 17:11:04,721 - __main__ - INFO - Training   >>> Epoch: 26, Current LR: 0.01, Loss: 0.159, Time: 9m14s
2024-05-02 17:11:37,877 - __main__ - INFO - Validation >>> Epoch: 26, Loss: 0.155, current lr: 0.01, F1 Score: 0.269, Time: 0m33s
2024-05-02 17:21:18,623 - __main__ - INFO - Training   >>> Epoch: 27, Current LR: 0.01, Loss: 0.157, Time: 9m40s
2024-05-02 17:31:25,231 - __main__ - INFO - Training   >>> Epoch: 28, Current LR: 0.01, Loss: 0.156, Time: 10m6s
2024-05-02 17:31:56,456 - __main__ - INFO - Validation >>> Epoch: 28, Loss: 0.154, current lr: 0.01, F1 Score: 0.279, Time: 0m31s
2024-05-02 17:42:00,978 - __main__ - INFO - Training   >>> Epoch: 29, Current LR: 0.01, Loss: 0.156, Time: 10m4s
2024-05-02 17:51:14,397 - __main__ - INFO - Training   >>> Epoch: 30, Current LR: 0.01, Loss: 0.155, Time: 9m13s
2024-05-02 17:51:44,814 - __main__ - INFO - Validation >>> Epoch: 30, Loss: 0.156, current lr: 0.01, F1 Score: 0.249, Time: 0m30s
2024-05-02 18:00:40,825 - __main__ - INFO - Training   >>> Epoch: 31, Current LR: 0.01, Loss: 0.154, Time: 8m56s
2024-05-02 18:09:34,074 - __main__ - INFO - Training   >>> Epoch: 32, Current LR: 0.01, Loss: 0.154, Time: 8m53s
2024-05-02 18:10:04,365 - __main__ - INFO - Validation >>> Epoch: 32, Loss: 0.151, current lr: 0.01, F1 Score: 0.297, Time: 0m30s
2024-05-02 18:18:58,811 - __main__ - INFO - Training   >>> Epoch: 33, Current LR: 0.01, Loss: 0.153, Time: 8m54s
2024-05-02 18:27:51,670 - __main__ - INFO - Training   >>> Epoch: 34, Current LR: 0.01, Loss: 0.152, Time: 8m52s
2024-05-02 18:28:21,958 - __main__ - INFO - Validation >>> Epoch: 34, Loss: 0.150, current lr: 0.01, F1 Score: 0.307, Time: 0m30s
2024-05-02 18:37:17,059 - __main__ - INFO - Training   >>> Epoch: 35, Current LR: 0.01, Loss: 0.150, Time: 8m55s
2024-05-02 18:46:10,364 - __main__ - INFO - Training   >>> Epoch: 36, Current LR: 0.01, Loss: 0.150, Time: 8m53s
2024-05-02 18:46:40,465 - __main__ - INFO - Validation >>> Epoch: 36, Loss: 0.152, current lr: 0.01, F1 Score: 0.287, Time: 0m30s
2024-05-02 18:55:28,648 - __main__ - INFO - Training   >>> Epoch: 37, Current LR: 0.01, Loss: 0.149, Time: 8m48s
2024-05-02 19:04:17,291 - __main__ - INFO - Training   >>> Epoch: 38, Current LR: 0.01, Loss: 0.149, Time: 8m48s
2024-05-02 19:04:47,445 - __main__ - INFO - Validation >>> Epoch: 38, Loss: 0.147, current lr: 0.01, F1 Score: 0.335, Time: 0m30s
2024-05-02 19:13:37,885 - __main__ - INFO - Training   >>> Epoch: 39, Current LR: 0.01, Loss: 0.147, Time: 8m50s
2024-05-02 19:22:27,490 - __main__ - INFO - Training   >>> Epoch: 40, Current LR: 0.01, Loss: 0.147, Time: 8m49s
2024-05-02 19:22:57,658 - __main__ - INFO - Validation >>> Epoch: 40, Loss: 0.145, current lr: 0.01, F1 Score: 0.320, Time: 0m30s
2024-05-02 19:31:47,871 - __main__ - INFO - Training   >>> Epoch: 41, Current LR: 0.01, Loss: 0.146, Time: 8m50s
2024-05-02 19:40:36,561 - __main__ - INFO - Training   >>> Epoch: 42, Current LR: 0.01, Loss: 0.145, Time: 8m48s
2024-05-02 19:41:06,748 - __main__ - INFO - Validation >>> Epoch: 42, Loss: 0.147, current lr: 0.01, F1 Score: 0.346, Time: 0m30s
2024-05-02 19:50:03,436 - __main__ - INFO - Training   >>> Epoch: 43, Current LR: 0.01, Loss: 0.145, Time: 8m56s
2024-05-02 19:58:55,645 - __main__ - INFO - Training   >>> Epoch: 44, Current LR: 0.01, Loss: 0.144, Time: 8m52s
2024-05-02 19:59:25,905 - __main__ - INFO - Validation >>> Epoch: 44, Loss: 0.149, current lr: 0.01, F1 Score: 0.336, Time: 0m30s
2024-05-02 20:08:18,547 - __main__ - INFO - Training   >>> Epoch: 45, Current LR: 0.01, Loss: 0.143, Time: 8m52s
2024-05-02 20:17:10,886 - __main__ - INFO - Training   >>> Epoch: 46, Current LR: 0.01, Loss: 0.143, Time: 8m52s
2024-05-02 20:17:41,422 - __main__ - INFO - Validation >>> Epoch: 46, Loss: 0.143, current lr: 0.01, F1 Score: 0.356, Time: 0m30s
2024-05-02 20:26:34,572 - __main__ - INFO - Training   >>> Epoch: 47, Current LR: 0.01, Loss: 0.142, Time: 8m53s
2024-05-02 20:35:28,832 - __main__ - INFO - Training   >>> Epoch: 48, Current LR: 0.01, Loss: 0.141, Time: 8m54s
2024-05-02 20:35:58,909 - __main__ - INFO - Validation >>> Epoch: 48, Loss: 0.149, current lr: 0.01, F1 Score: 0.365, Time: 0m30s
2024-05-02 20:44:48,206 - __main__ - INFO - Training   >>> Epoch: 49, Current LR: 0.01, Loss: 0.141, Time: 8m49s
2024-05-02 20:53:38,072 - __main__ - INFO - Training   >>> Epoch: 50, Current LR: 0.01, Loss: 0.140, Time: 8m49s
2024-05-02 20:54:08,175 - __main__ - INFO - Validation >>> Epoch: 50, Loss: 0.199, current lr: 0.01, F1 Score: 0.363, Time: 0m30s
2024-05-02 21:03:01,133 - __main__ - INFO - Training   >>> Epoch: 51, Current LR: 0.01, Loss: 0.139, Time: 8m52s
2024-05-02 21:11:50,259 - __main__ - INFO - Training   >>> Epoch: 52, Current LR: 0.01, Loss: 0.139, Time: 8m49s
2024-05-02 21:12:20,569 - __main__ - INFO - Validation >>> Epoch: 52, Loss: 0.153, current lr: 0.01, F1 Score: 0.385, Time: 0m30s
2024-05-02 21:21:10,831 - __main__ - INFO - Training   >>> Epoch: 53, Current LR: 0.001, Loss: 0.132, Time: 8m50s
2024-05-02 21:29:59,486 - __main__ - INFO - Training   >>> Epoch: 54, Current LR: 0.001, Loss: 0.130, Time: 8m48s
2024-05-02 21:30:29,752 - __main__ - INFO - Validation >>> Epoch: 54, Loss: 0.263, current lr: 0.001, F1 Score: 0.408, Time: 0m30s
2024-05-02 21:39:40,887 - __main__ - INFO - Training   >>> Epoch: 55, Current LR: 0.001, Loss: 0.129, Time: 9m11s
2024-05-02 21:48:32,229 - __main__ - INFO - Training   >>> Epoch: 56, Current LR: 0.001, Loss: 0.129, Time: 8m51s
2024-05-02 21:49:02,471 - __main__ - INFO - Validation >>> Epoch: 56, Loss: 0.156, current lr: 0.001, F1 Score: 0.413, Time: 0m30s
2024-05-02 21:58:01,098 - __main__ - INFO - Training   >>> Epoch: 57, Current LR: 0.001, Loss: 0.128, Time: 8m58s
2024-05-02 22:07:26,048 - __main__ - INFO - Training   >>> Epoch: 58, Current LR: 0.001, Loss: 0.127, Time: 9m24s
2024-05-02 22:07:56,759 - __main__ - INFO - Validation >>> Epoch: 58, Loss: 0.225, current lr: 0.001, F1 Score: 0.415, Time: 0m30s
2024-05-02 22:07:56,761 - __main__ - INFO - Early stopping >>> triggered at epoch 58
2024-05-02 22:07:56,762 - __main__ - INFO - Training concluded >>> Total Run Time: 536m59s
2024-05-02 22:07:57,013 - __main__ - INFO - Model size on disk: 54.98 MB
